# JRE version: OpenJDK Runtime Environment (8.0_242-b01) (build 1.8.0_242-release-1644-b01)
# Java VM: OpenJDK 64-Bit Server VM (25.242-b01 mixed mode windows-amd64 compressed oops)
Heap:
 PSYoungGen      total 248832K, used 229359K [0x00000000d5580000, 0x00000000e7980000, 0x0000000100000000)
  eden space 210944K, 98% used [0x00000000d5580000,0x00000000e2104410,0x00000000e2380000)
  from space 37888K, 55% used [0x00000000e5480000,0x00000000e68f7b10,0x00000000e7980000)
  to   space 44032K, 0% used [0x00000000e2380000,0x00000000e2380000,0x00000000e4e80000)
 ParOldGen       total 242688K, used 116176K [0x0000000080000000, 0x000000008ed00000, 0x00000000d5580000)
  object space 242688K, 47% used [0x0000000080000000,0x00000000871743b0,0x000000008ed00000)
 Metaspace       used 100701K, capacity 105832K, committed 106112K, reserved 1140736K
  class space    used 13208K, capacity 14180K, committed 14208K, reserved 1048576K
GC Heap History (10 events):
Event: 79.614 GC heap before
{Heap before GC invocations=20 (full 3):
 PSYoungGen      total 220160K, used 201742K [0x00000000d5580000, 0x00000000e4d00000, 0x0000000100000000)
  eden space 195072K, 90% used [0x00000000d5580000,0x00000000e021bfb0,0x00000000e1400000)
  from space 25088K, 99% used [0x00000000e3000000,0x00000000e48678e0,0x00000000e4880000)
  to   space 28672K, 0% used [0x00000000e1400000,0x00000000e1400000,0x00000000e3000000)
 ParOldGen       total 150016K, used 46356K [0x0000000080000000, 0x0000000089280000, 0x00000000d5580000)
  object space 150016K, 30% used [0x0000000080000000,0x0000000082d45228,0x0000000089280000)
 Metaspace       used 93700K, capacity 98302K, committed 98380K, reserved 1134592K
  class space    used 12620K, capacity 13491K, committed 13568K, reserved 1048576K
Event: 79.655 GC heap after
Heap after GC invocations=20 (full 3):
 PSYoungGen      total 223744K, used 28660K [0x00000000d5580000, 0x00000000e6080000, 0x0000000100000000)
  eden space 195072K, 0% used [0x00000000d5580000,0x00000000d5580000,0x00000000e1400000)
  from space 28672K, 99% used [0x00000000e1400000,0x00000000e2ffd228,0x00000000e3000000)
  to   space 34304K, 0% used [0x00000000e3f00000,0x00000000e3f00000,0x00000000e6080000)
 ParOldGen       total 150016K, used 50621K [0x0000000080000000, 0x0000000089280000, 0x00000000d5580000)
  object space 150016K, 33% used [0x0000000080000000,0x000000008316f620,0x0000000089280000)
 Metaspace       used 93700K, capacity 98302K, committed 98380K, reserved 1134592K
  class space    used 12620K, capacity 13491K, committed 13568K, reserved 1048576K
}
Event: 79.655 GC heap before
{Heap before GC invocations=21 (full 4):
 PSYoungGen      total 223744K, used 28660K [0x00000000d5580000, 0x00000000e6080000, 0x0000000100000000)
  eden space 195072K, 0% used [0x00000000d5580000,0x00000000d5580000,0x00000000e1400000)
  from space 28672K, 99% used [0x00000000e1400000,0x00000000e2ffd228,0x00000000e3000000)
  to   space 34304K, 0% used [0x00000000e3f00000,0x00000000e3f00000,0x00000000e6080000)
 ParOldGen       total 150016K, used 50621K [0x0000000080000000, 0x0000000089280000, 0x00000000d5580000)
  object space 150016K, 33% used [0x0000000080000000,0x000000008316f620,0x0000000089280000)
 Metaspace       used 93700K, capacity 98302K, committed 98380K, reserved 1134592K
  class space    used 12620K, capacity 13491K, committed 13568K, reserved 1048576K
Event: 79.976 GC heap after
Heap after GC invocations=21 (full 4):
 PSYoungGen      total 223744K, used 0K [0x00000000d5580000, 0x00000000e6080000, 0x0000000100000000)
  eden space 195072K, 0% used [0x00000000d5580000,0x00000000d5580000,0x00000000e1400000)
  from space 28672K, 0% used [0x00000000e1400000,0x00000000e1400000,0x00000000e3000000)
  to   space 34304K, 0% used [0x00000000e3f00000,0x00000000e3f00000,0x00000000e6080000)
 ParOldGen       total 242688K, used 72306K [0x0000000080000000, 0x000000008ed00000, 0x00000000d5580000)
  object space 242688K, 29% used [0x0000000080000000,0x000000008469c970,0x000000008ed00000)
 Metaspace       used 93546K, capacity 97902K, committed 98380K, reserved 1134592K
  class space    used 12567K, capacity 13399K, committed 13568K, reserved 1048576K
}
Event: 82.935 GC heap before
{Heap before GC invocations=22 (full 4):
 PSYoungGen      total 223744K, used 195072K [0x00000000d5580000, 0x00000000e6080000, 0x0000000100000000)
  eden space 195072K, 100% used [0x00000000d5580000,0x00000000e1400000,0x00000000e1400000)
  from space 28672K, 0% used [0x00000000e1400000,0x00000000e1400000,0x00000000e3000000)
  to   space 34304K, 0% used [0x00000000e3f00000,0x00000000e3f00000,0x00000000e6080000)
 ParOldGen       total 242688K, used 72306K [0x0000000080000000, 0x000000008ed00000, 0x00000000d5580000)
  object space 242688K, 29% used [0x0000000080000000,0x000000008469c970,0x000000008ed00000)
 Metaspace       used 94985K, capacity 99608K, committed 99968K, reserved 1136640K
  class space    used 12791K, capacity 13642K, committed 13696K, reserved 1048576K
Event: 83.119 GC heap after
Heap after GC invocations=22 (full 4):
 PSYoungGen      total 224768K, used 34285K [0x00000000d5580000, 0x00000000e8a80000, 0x0000000100000000)
  eden space 190464K, 0% used [0x00000000d5580000,0x00000000d5580000,0x00000000e0f80000)
  from space 34304K, 99% used [0x00000000e3f00000,0x00000000e607b748,0x00000000e6080000)
  to   space 48640K, 0% used [0x00000000e0f80000,0x00000000e0f80000,0x00000000e3f00000)
 ParOldGen       total 242688K, used 96187K [0x0000000080000000, 0x000000008ed00000, 0x00000000d5580000)
  object space 242688K, 39% used [0x0000000080000000,0x0000000085deec50,0x000000008ed00000)
 Metaspace       used 94985K, capacity 99608K, committed 99968K, reserved 1136640K
  class space    used 12791K, capacity 13642K, committed 13696K, reserved 1048576K
}
Event: 85.541 GC heap before
{Heap before GC invocations=23 (full 4):
 PSYoungGen      total 224768K, used 224749K [0x00000000d5580000, 0x00000000e8a80000, 0x0000000100000000)
  eden space 190464K, 100% used [0x00000000d5580000,0x00000000e0f80000,0x00000000e0f80000)
  from space 34304K, 99% used [0x00000000e3f00000,0x00000000e607b748,0x00000000e6080000)
  to   space 48640K, 0% used [0x00000000e0f80000,0x00000000e0f80000,0x00000000e3f00000)
 ParOldGen       total 242688K, used 96187K [0x0000000080000000, 0x000000008ed00000, 0x00000000d5580000)
  object space 242688K, 39% used [0x0000000080000000,0x0000000085deec50,0x000000008ed00000)
 Metaspace       used 95864K, capacity 100546K, committed 100864K, reserved 1136640K
  class space    used 12881K, capacity 13747K, committed 13824K, reserved 1048576K
Event: 85.606 GC heap after
Heap after GC invocations=23 (full 4):
 PSYoungGen      total 239104K, used 16336K [0x00000000d5580000, 0x00000000e8180000, 0x0000000100000000)
  eden space 190464K, 0% used [0x00000000d5580000,0x00000000d5580000,0x00000000e0f80000)
  from space 48640K, 33% used [0x00000000e0f80000,0x00000000e1f74068,0x00000000e3f00000)
  to   space 46080K, 0% used [0x00000000e5480000,0x00000000e5480000,0x00000000e8180000)
 ParOldGen       total 242688K, used 116168K [0x0000000080000000, 0x000000008ed00000, 0x00000000d5580000)
  object space 242688K, 47% used [0x0000000080000000,0x00000000871723b0,0x000000008ed00000)
 Metaspace       used 95864K, capacity 100546K, committed 100864K, reserved 1136640K
  class space    used 12881K, capacity 13747K, committed 13824K, reserved 1048576K
}
Event: 168.921 GC heap before
{Heap before GC invocations=24 (full 4):
 PSYoungGen      total 239104K, used 206800K [0x00000000d5580000, 0x00000000e8180000, 0x0000000100000000)
  eden space 190464K, 100% used [0x00000000d5580000,0x00000000e0f80000,0x00000000e0f80000)
  from space 48640K, 33% used [0x00000000e0f80000,0x00000000e1f74068,0x00000000e3f00000)
  to   space 46080K, 0% used [0x00000000e5480000,0x00000000e5480000,0x00000000e8180000)
 ParOldGen       total 242688K, used 116168K [0x0000000080000000, 0x000000008ed00000, 0x00000000d5580000)
  object space 242688K, 47% used [0x0000000080000000,0x00000000871723b0,0x000000008ed00000)
 Metaspace       used 100119K, capacity 104958K, committed 105088K, reserved 1140736K
  class space    used 13174K, capacity 14117K, committed 14208K, reserved 1048576K
Event: 168.977 GC heap after
Heap after GC invocations=24 (full 4):
 PSYoungGen      total 248832K, used 20958K [0x00000000d5580000, 0x00000000e7980000, 0x0000000100000000)
  eden space 210944K, 0% used [0x00000000d5580000,0x00000000d5580000,0x00000000e2380000)
  from space 37888K, 55% used [0x00000000e5480000,0x00000000e68f7b10,0x00000000e7980000)
  to   space 44032K, 0% used [0x00000000e2380000,0x00000000e2380000,0x00000000e4e80000)
 ParOldGen       total 242688K, used 116176K [0x0000000080000000, 0x000000008ed00000, 0x00000000d5580000)
  object space 242688K, 47% used [0x0000000080000000,0x00000000871743b0,0x000000008ed00000)
 Metaspace       used 100119K, capacity 104958K, committed 105088K, reserved 1140736K
  class space    used 13174K, capacity 14117K, committed 14208K, reserved 1048576K
}

